#
# There is insufficient memory for the Java Runtime Environment to continue.
# Native memory allocation (mmap) failed to map 100663296 bytes for G1 virtual space
# Possible reasons:
#   The system is out of physical RAM or swap space
#   The process is running with CompressedOops enabled, and the Java Heap may be blocking the growth of the native heap
# Possible solutions:
#   Reduce memory load on the system
#   Increase physical memory or swap space
#   Check if swap backing store is full
#   Decrease Java heap size (-Xmx/-Xms)
#   Decrease number of Java threads
#   Decrease Java thread stack sizes (-Xss)
#   Set larger code cache with -XX:ReservedCodeCacheSize=
#   JVM is running with Unscaled Compressed Oops mode in which the Java heap is
#     placed in the first 4GB address space. The Java Heap base address is the
#     maximum limit for the native heap growth. Please use -XX:HeapBaseMinAddress
#     to set the Java Heap base and to place the Java Heap above 4GB virtual address.
# This output file may be truncated or incomplete.
#
#  Out of Memory Error (os_windows.cpp:3532), pid=28276, tid=472
#
# JRE version:  (17.0.2+8) (build )
# Java VM: OpenJDK 64-Bit Server VM (17.0.2+8, mixed mode, sharing, tiered, compressed oops, compressed class ptrs, g1 gc, windows-amd64)
# No core dump will be written. Minidumps are not enabled by default on client versions of Windows
#

---------------  S U M M A R Y ------------

Command Line: -Dfile.encoding=Cp1252 -XX:+ShowCodeDetailsInExceptionMessages view.GUI

Host: AMD Ryzen 5 3500U with Radeon Vega Mobile Gfx  , 8 cores, 5G,  Windows 11 , 64 bit Build 22000 (10.0.22000.613)
Time: Fri Apr 22 20:35:48 2022 Paris, Madrid (heure duild 22000 (10.0.22000.613) elapsed time: 0.014165 seconds (0d 0h 0m 0s)

---------------  T H R E A D  ---------------

Current thread (0x000001fb69b3e120):  JavaThread "Unknown thread" [_thread_in_vm, id=472, stack(0x0000004cd3400000,0x0000004cd3500000)]

Stack: [0x0000004cd3400000,0x0000004cd3500000]
Native frames: (J=compiled Java code, j=interpreted, Vv=VM code, C=native code)
V  [jvm.dll+0x67564a]
V  [jvm.dll+0x82fc04]
V  [jvm.dll+0x8313ae]
V  [jvm.dll+0x831a13]
V  [jvm.dll+0x245235]
V  [jvm.dll+0x672539]
V  [jvm.dll+0x666e82]
V  [jvm.dll+0x30401b]
V  [jvm.dll+0x30b566]
V  [jvm.dll+0x35b1fe]
V  [jvm.dll+0x35b42f]
V  [jvm.dll+0x2daf58]
V  [jvm.dll+0x2dbec4]
V  [jvm.dll+0x801881]
V  [jvm.dll+0x368f81]
V  [jvm.dll+0x7e0cdc]
V  [jvm.dll+0x3eb8bf]
V  [jvm.dll+0x3ed441]
C  [jli.dll+0x5277]
C  [ucrtbase.dll+0x26c0c]
C  [KERNEL32.DLL+0x154e0]
C  [ntdll.dll+0x485b]


---------------  P R O C E S S  ---------------

Threads class SMR info:
_java_thread_list=0x00007ffc31785e98, length=0, elements={
}

Java Threads: ( => current thread )

Other Threads:
  0x000001fb69b75200 GCTaskThread "GC Thread#0" [stack: 0x0000004cd3500000,0x0000004cd3600000] [id=27692]
  0x000001fb69b83770 ConcurrentGCThread "G1 Main Marker" [stack: 0x0000004cd3600000,0x0000004cd3700000] [id=20668]
  0x000001fb69b84180 ConcurrentGCThread "G1 Conc#0" [stack: 0x0000004cd3700000,0x0000004cd3800000] [id=21800]

[error occurred during error reporting (printing all threads), id 0xc0000005, EXCEPTION_ACCESS_VIOLATION (0xc0000005) at pc=0x00007ffc30f5b9d7]

VM state: not at safepoint (not fully initialized)

VM Mutex/Monitor currently owned by a thread:  ([mutex/lock_event])
[0x000001fb69b39900] Heap_lock - owner thread: 0x000001fb69b3e120

Heap address: 0x00000000a0c00000, size: 1524 MB, Compressed Oops mode: 32-bit

CDS archive(s) mapped at: [0x0000000000000000-0x0000000000000000-0x0000000000000000), size 0, SharedBaseAddress: 0x0000000800000000, ArchiveRelocationMode: 0.
Narrow klass base: 0x0000000000000000, Narrow klass shift: 0, Narrow klass range: 0x0

GC Precious Log:
<Empty>

Heap:
 garbage-first heap   total 0K, used 0K [0x00000000a0c00000, 0x0000000100000000)
  region size 1024K, 0 young (0K), 0 survivors (0K)

[error occurred during error reporting (printing heap information), id 0xc0000005, EXCEPTION_ACCESS_VIOLATION (0xc0000005) at pc=0x00007ffc3133e899]

GC Heap History (0 events):
No events

Deoptimization events (0 events):
No events

Classes unloaded (0 events):
No events

Classes redefined (0 events):
No events

Internal exceptions (0 events):
No events

VM Operations (0 events):
No events

Events (1 events):
Event: 0.008 Loaded shared library C:\Users\exauc\AppData\Local\Programs\Eclipse Adoptium\jdk-17.0.2.8-hotspot\bin\java.dll


Dynamic libraries:
0x00007ff609a70000 - 0x00007ff609a7e000 	C:\Users\exauc\AppData\Local\Programs\Eclipse Adoptium\jdk-17.0.2.8-hotspot\bin\javaw.exe
0x00007ffcc7d80000 - 0x00007ffcc7f89000 	C:\WINDOWS\SYSTEM32\ntdll.dll
0x00007ffcc6a10000 - 0x00007ffcc6acd000 	C:\WINDOWS\System32\KERNEL32.DLL
0x00007ffcc5390000 - 0x00007ffcc5704000 	C:\WINDOWS\System32\KERNELBASE.dll
0x00007ffcc5270000 - 0x00007ffcc5381000 	C:\WINDOWS\System32\ucrtbase.dll
0x00007ffcae190000 - 0x00007ffcae1a9000 	C:\Users\exauc\AppData\Local\Programs\Eclipse Adoptium\jdk-17.0.2.8-hotspot\bin\VCRUNTIME140.dll
0x00007ffcb3470000 - 0x00007ffcb3488000 	C:\Users\exauc\AppData\Local\Programs\Eclipse Adoptium\jdk-17.0.2.8-hotspot\bin\jli.dll
0x00007ffcc62d0000 - 0x00007ffcc647c000 	C:\WINDOWS\System32\USER32.dll
0x00007ffcb4210000 - 0x00007ffcb44b5000 	C:\WINDOWS\WinSxS\amd64_microsoft.windows.common-controls_6595b64144ccf1df_6.0.22000.120_none_9d947278b86cc467\COMCTL32.dll
0x00007ffcc5830000 - 0x00007ffcc5856000 	C:\WINDOWS\System32\win32u.dll
0x00007ffcc7c80000 - 0x00007ffcc7d23000 	C:\WINDOWS\System32\msvcrt.dll
0x00007ffcc7c50000 - 0x00007ffcc7c79000 	C:\WINDOWS\System32\GDI32.dll
0x00007ffcc5710000 - 0x00007ffcc5822000 	C:\WINDOWS\System32\gdi32full.dll
0x00007ffcc5b80000 - 0x00007ffcc5c1d000 	C:\WINDOWS\System32\msvcp_win.dll
0x00007ffcc7b80000 - 0x00007ffcc7bb1000 	C:\WINDOWS\System32\IMM32.DLL
0x00007ffcb84c0000 - 0x00007ffcb84cc000 	C:\Users\exauc\AppData\Local\Programs\Eclipse Adoptium\jdk-17.0.2.8-hotspot\bin\vcruntime140_1.dll
0x00007ffc9a950000 - 0x00007ffc9a9e1000 	C:\Users\exauc\AppData\Local\Programs\Eclipse Adoptium\jdk-17.0.2.8-hotspot\bin\msvcp140.dll
0x00007ffc30c70000 - 0x00007ffc318b7000 	C:\Users\exauc\AppData\Local\Programs\Eclipse Adoptium\jdk-17.0.2.8-hotspot\bin\server\jvm.dll
0x00007ffcc6dd0000 - 0x00007ffcc6e7e000 	C:\WINDOWS\System32\ADVAPI32.dll
0x00007ffcc5f30000 - 0x00007ffcc5fce000 	C:\WINDOWS\System32\sechost.dll
0x00007ffcc6480000 - 0x00007ffcc65a0000 	C:\WINDOWS\System32\RPCRT4.dll
0x00007ffcc7340000 - 0x00007ffcc7348000 	C:\WINDOWS\System32\PSAPI.DLL
0x00007ffcb46f0000 - 0x00007ffcb46f9000 	C:\WINDOWS\SYSTEM32\WSOCK32.dll
0x00007ffcbb180000 - 0x00007ffcbb18a000 	C:\WINDOWS\SYSTEM32\VERSION.dll
0x00007ffcbf2f0000 - 0x00007ffcbf323000 	C:\WINDOWS\SYSTEM32\WINMM.dll
0x00007ffcc5c20000 - 0x00007ffcc5c8f000 	C:\WINDOWS\System32\WS2_32.dll
0x00007ffcc4370000 - 0x00007ffcc4388000 	C:\WINDOWS\SYSTEM32\kernel.appcore.dll
0x00007ffcae1b0000 - 0x00007ffcae1ba000 	C:\Users\exauc\AppData\Local\Programs\Eclipse Adoptium\jdk-17.0.2.8-hotspot\bin\jimage.dll
0x00007ffcbc630000 - 0x00007ffcbc851000 	C:\WINDOWS\SYSTEM32\DBGHELP.DLL
0x00007ffcb4700000 - 0x00007ffcb4731000 	C:\WINDOWS\SYSTEM32\dbgcore.DLL
0x00007ffcc5b00000 - 0x00007ffcc5b7f000 	C:\WINDOWS\System32\bcryptPrimitives.dll
0x00007ffc983d0000 - 0x00007ffc983f5000 	C:\Users\exauc\AppData\Local\Programs\Eclipse Adoptium\jdk-17.0.2.8-hotspot\bin\java.dll

dbghelp: loaded successfully - version: 4.0.5 - missing functions: none
symbol engine: initialized successfully - sym options: 0x614 - pdb path: .;C:\Users\exauc\AppData\Local\Programs\Eclipse Adoptium\jdk-17.0.2.8-hotspot\bin;C:\WINDOWS\SYSTEM32;C:\WINDOWS\WinSxS\amd64_microsoft.windows.common-controls_6595b64144ccf1df_6.0.22000.120_none_9d947278b86cc467;C:\Users\exauc\AppData\Local\Programs\Eclipse Adoptium\jdk-17.0.2.8-hotspot\bin\server

VM Arguments:
jvm_args: -Dfile.encoding=Cp1252 -XX:+ShowCodeDetailsInExceptionMessages 
java_command: view.GUI
java_class_path (initial): C:\Users\exauc\eclipse-workspace\PIZZERIAMVC\bin
Launcher Type: SUN_STANDARD

[Global flags]
     intx CICompilerCount                          = 4                                         {product} {ergonomic}
     uint ConcGCThreads                            = 2                                         {product} {ergonomic}
     uint G1ConcRefinementThreads                  = 8                                         {product} {ergonomic}
   size_t G1HeapRegionSize                         = 1048576                                   {product} {ergonomic}
    uintx GCDrainStackTargetSize                   = 64                                        {product} {ergonomic}
   size_t InitialHeapSize                          = 100663296                                 {product} {ergonomic}
   size_t MarkStackSize                            = 4194304                                   {product} {ergonomic}
   size_t MaxHeapSize                              = 1598029824                                {product} {ergonomic}
   size_t MinHeapDeltaBytes                        = 1048576                                   {product} {ergonomic}
   size_t MinHeapSize                              = 8388608                                   {product} {ergonomic}
    uintx NonNMethodCodeHeapSize                   = 5839372                                {pd product} {ergonomic}
    uintx NonProfiledCodeHeapSize                  = 122909434                              {pd product} {ergonomic}
    uintx ProfiledCodeHeapSize                     = 122909434                              {pd product} {ergonomic}
    uintx ReservedCodeCacheSize                    = 251658240                              {pd product} {ergonomic}
     bool SegmentedCodeCache                       = true                                      {product} {ergonomic}
     bool ShowCodeDetailsInExceptionMessages       = true                                   {manageable} {command line}
   size_t SoftMaxHeapSize                          = 1598029824                             {manageable} {ergonomic}
     bool UseCompressedClassPointers               = true                           {product lp64_product} {ergonomic}
     bool UseCompressedOops                        = true                           {product lp64_product} {ergonomic}
     bool UseG1GC                                  = true                                      {product} {ergonomic}
     bool UseLargePagesIndividualAllocation        = false                                  {pd product} {ergonomic}

Logging:
Log output configuration:
 #0: stdout all=warning uptime,level,tags
 #1: stderr all=off uptime,level,tags

Environment Variables:
JAVA_HOME=C:\Users\exauc\AppData\Local\Programs\Eclipse Adoptium\jdk-17.0.2.8-hotspot\
PATH=C:/Users/exauc/AppData/Local/Programs/Eclipse Adoptium/jdk-17.0.2.8-hotspot/bin/server;C:/Users/exauc/AppData/Local/Programs/Eclipse Adoptium/jdk-17.0.2.8-hotspot/bin;C:\WINDOWS\system32;C:\WINDOWS;C:\WINDOWS\System32\Wbem;C:\WINDOWS\System32\WindowsPowerShell\v1.0\;C:\WINDOWS\System32\OpenSSH\;C:\Program Files\Git\cmd;C:\ttc;C:\Program Files\nodejs\;C:\Program Files\Microsoft SQL Server\150\Tools\Binn\;C:\Users\exauc\AppData\Local\Programs\Eclipse Adoptium\jdk-17.0.2.8-hotspot\bin;C:\Users\exauc\AppData\Local\Microsoft\WindowsApps;C:\Users\exauc\AppData\Local\Programs\Microsoft VS Code\bin;C:\Users\exauc\AppData\Local\GitHubDesktop\bin;C:\Users\exauc\AppData\Roaming\npm;;C:\Users\exauc\Desktop;
USERNAME=exauc
OS=Windows_NT
PROCESSOR_IDENTIFIER=AMD64 Family 23 Model 24 Stepping 1, AuthenticAMD



---------------  S Y S T E M  ---------------

OS:
 Windows 11 , 64 bit Build 22000 (10.0.22000.613)
OS uptime: 5 days 9:30 hours

CPU: total 8 (initial active 8) (8 cores per cpu, 2 threads per core) family 23 model 24 stepping 1 microcode 0x0, cx8, cmov, fxsr, ht, mmx, 3dnowpref, sse, sse2, sse3, ssse3, sse4a, sse4.1, sse4.2, popcnt, lzcnt, tsc, tscinvbit, avx, avx2, aes, clmul, bmi1, bmi2, adx, sha, fma, vzeroupper, clflush, clflushopt

Memory: 4k page, system-wide physical 6091M (305M free)
TotalPageFile size 24523M (AvailPageFile size 34M)
current process WorkingSet (physical memory assigned to process): 10M, peak: 10M
current process commit charge ("private bytes"): 60M, peak: 155M

vm_info: OpenJDK 64-Bit Server VM (17.0.2+8) for windows-amd64 JRE (17.0.2+8), built on Jan 20 2022 04:52:34 by "" with MS VC++ 16.7 (VS2019)

END.
